0 info it worked if it ends with ok
1 verbose cli [ '/usr/local/bin/node', '/usr/local/bin/npm', 'run', 'open:src' ]
2 info using npm@3.10.10
3 info using node@v6.10.0
4 verbose run-script [ 'preopen:src', 'open:src', 'postopen:src' ]
5 info lifecycle informa-charts@1.0.0~preopen:src: informa-charts@1.0.0
6 silly lifecycle informa-charts@1.0.0~preopen:src: no script for preopen:src, continuing
7 info lifecycle informa-charts@1.0.0~open:src: informa-charts@1.0.0
8 verbose lifecycle informa-charts@1.0.0~open:src: unsafe-perm in lifecycle true
9 verbose lifecycle informa-charts@1.0.0~open:src: PATH: /usr/local/lib/node_modules/npm/bin/node-gyp-bin:/Users/victorzhou/Projects/informacharts/node_modules/.bin:/usr/bin:/bin:/usr/sbin:/sbin:/usr/local/bin:/usr/local/share/dotnet:/Library/Frameworks/Mono.framework/Versions/Current/Commands:/Users/victorzhou/go/bin:/Users/victorzhou/go/bin
10 verbose lifecycle informa-charts@1.0.0~open:src: CWD: /Users/victorzhou/Projects/informacharts
11 silly lifecycle informa-charts@1.0.0~open:src: Args: [ '-c', 'babel-node server/server.js' ]
12 silly lifecycle informa-charts@1.0.0~open:src: Returned: code: 1  signal: null
13 info lifecycle informa-charts@1.0.0~open:src: Failed to exec open:src script
14 verbose stack Error: informa-charts@1.0.0 open:src: `babel-node server/server.js`
14 verbose stack Exit status 1
14 verbose stack     at EventEmitter.<anonymous> (/usr/local/lib/node_modules/npm/lib/utils/lifecycle.js:255:16)
14 verbose stack     at emitTwo (events.js:106:13)
14 verbose stack     at EventEmitter.emit (events.js:191:7)
14 verbose stack     at ChildProcess.<anonymous> (/usr/local/lib/node_modules/npm/lib/utils/spawn.js:40:14)
14 verbose stack     at emitTwo (events.js:106:13)
14 verbose stack     at ChildProcess.emit (events.js:191:7)
14 verbose stack     at maybeClose (internal/child_process.js:877:16)
14 verbose stack     at Process.ChildProcess._handle.onexit (internal/child_process.js:226:5)
15 verbose pkgid informa-charts@1.0.0
16 verbose cwd /Users/victorzhou/Projects/informacharts
17 error Darwin 17.7.0
18 error argv "/usr/local/bin/node" "/usr/local/bin/npm" "run" "open:src"
19 error node v6.10.0
20 error npm  v3.10.10
21 error code ELIFECYCLE
22 error informa-charts@1.0.0 open:src: `babel-node server/server.js`
22 error Exit status 1
23 error Failed at the informa-charts@1.0.0 open:src script 'babel-node server/server.js'.
23 error Make sure you have the latest version of node.js and npm installed.
23 error If you do, this is most likely a problem with the informa-charts package,
23 error not with npm itself.
23 error Tell the author that this fails on your system:
23 error     babel-node server/server.js
23 error You can get information on how to open an issue for this project with:
23 error     npm bugs informa-charts
23 error Or if that isn't available, you can get their info via:
23 error     npm owner ls informa-charts
23 error There is likely additional logging output above.
24 verbose exit [ 1, true ]
